# JRE version: Java(TM) SE Runtime Environment (11.0.6+8) (build 11.0.6+8-LTS)
# Java VM: Java HotSpot(TM) 64-Bit Server VM (11.0.6+8-LTS, mixed mode, tiered, compressed oops, g1 gc, windows-amd64)
Heap:
 garbage-first heap   total 402432K, used 149504K [0x0000000082200000, 0x0000000100000000)
  region size 1024K, 2 young (2048K), 2 survivors (2048K)
 Metaspace       used 63318K, capacity 65082K, committed 65280K, reserved 1105920K
  class space    used 7493K, capacity 8105K, committed 8192K, reserved 1048576K
GC Heap History (10 events):
Event: 10.125 GC heap after
{Heap after GC invocations=18 (full 0):
 garbage-first heap   total 155648K, used 26376K [0x0000000082200000, 0x0000000100000000)
  region size 1024K, 6 young (6144K), 6 survivors (6144K)
 Metaspace       used 58707K, capacity 60060K, committed 60160K, reserved 1101824K
  class space    used 6897K, capacity 7374K, committed 7424K, reserved 1048576K
}
Event: 11.052 GC heap before
{Heap before GC invocations=19 (full 0):
 garbage-first heap   total 155648K, used 125704K [0x0000000082200000, 0x0000000100000000)
  region size 1024K, 91 young (93184K), 6 survivors (6144K)
 Metaspace       used 63118K, capacity 64882K, committed 65024K, reserved 1105920K
  class space    used 7480K, capacity 8104K, committed 8192K, reserved 1048576K
}
Event: 11.205 GC heap after
{Heap after GC invocations=20 (full 0):
 garbage-first heap   total 197632K, used 90430K [0x0000000082200000, 0x0000000100000000)
  region size 1024K, 12 young (12288K), 12 survivors (12288K)
 Metaspace       used 63118K, capacity 64882K, committed 65024K, reserved 1105920K
  class space    used 7480K, capacity 8104K, committed 8192K, reserved 1048576K
}
Event: 11.542 GC heap before
{Heap before GC invocations=20 (full 0):
 garbage-first heap   total 197632K, used 109886K [0x0000000082200000, 0x0000000100000000)
  region size 1024K, 31 young (31744K), 12 survivors (12288K)
 Metaspace       used 63118K, capacity 64882K, committed 65024K, reserved 1105920K
  class space    used 7480K, capacity 8104K, committed 8192K, reserved 1048576K
}
Event: 11.639 GC heap after
{Heap after GC invocations=21 (full 0):
 garbage-first heap   total 197632K, used 111104K [0x0000000082200000, 0x0000000100000000)
  region size 1024K, 4 young (4096K), 4 survivors (4096K)
 Metaspace       used 63118K, capacity 64882K, committed 65024K, reserved 1105920K
  class space    used 7480K, capacity 8104K, committed 8192K, reserved 1048576K
}
Event: 11.746 GC heap before
{Heap before GC invocations=22 (full 0):
 garbage-first heap   total 197632K, used 116224K [0x0000000082200000, 0x0000000100000000)
  region size 1024K, 9 young (9216K), 4 survivors (4096K)
 Metaspace       used 63118K, capacity 64882K, committed 65024K, reserved 1105920K
  class space    used 7480K, capacity 8104K, committed 8192K, reserved 1048576K
}
Event: 11.767 GC heap after
{Heap after GC invocations=23 (full 0):
 garbage-first heap   total 197632K, used 117248K [0x0000000082200000, 0x0000000100000000)
  region size 1024K, 2 young (2048K), 2 survivors (2048K)
 Metaspace       used 63118K, capacity 64882K, committed 65024K, reserved 1105920K
  class space    used 7480K, capacity 8104K, committed 8192K, reserved 1048576K
}
Event: 11.887 GC heap before
{Heap before GC invocations=23 (full 0):
 garbage-first heap   total 197632K, used 135680K [0x0000000082200000, 0x0000000100000000)
  region size 1024K, 20 young (20480K), 2 survivors (2048K)
 Metaspace       used 63318K, capacity 65082K, committed 65280K, reserved 1105920K
  class space    used 7493K, capacity 8105K, committed 8192K, reserved 1048576K
}
Event: 11.917 GC heap after
{Heap after GC invocations=24 (full 0):
 garbage-first heap   total 197632K, used 135168K [0x0000000082200000, 0x0000000100000000)
  region size 1024K, 3 young (3072K), 3 survivors (3072K)
 Metaspace       used 63318K, capacity 65082K, committed 65280K, reserved 1105920K
  class space    used 7493K, capacity 8105K, committed 8192K, reserved 1048576K
}
Event: 11.964 GC heap before
{Heap before GC invocations=24 (full 0):
 garbage-first heap   total 197632K, used 148480K [0x0000000082200000, 0x0000000100000000)
  region size 1024K, 16 young (16384K), 3 survivors (3072K)
 Metaspace       used 63318K, capacity 65082K, committed 65280K, reserved 1105920K
  class space    used 7493K, capacity 8105K, committed 8192K, reserved 1048576K
}

