# JRE version: Java(TM) SE Runtime Environment (11.0.6+8) (build 11.0.6+8-LTS)
# Java VM: Java HotSpot(TM) 64-Bit Server VM (11.0.6+8-LTS, mixed mode, tiered, compressed oops, g1 gc, windows-amd64)
Heap:
 garbage-first heap   total 393216K, used 154624K [0x0000000082200000, 0x0000000100000000)
  region size 1024K, 2 young (2048K), 2 survivors (2048K)
 Metaspace       used 63381K, capacity 65145K, committed 65280K, reserved 1105920K
  class space    used 7489K, capacity 8105K, committed 8192K, reserved 1048576K
GC Heap History (10 events):
Event: 11.324 GC heap after
{Heap after GC invocations=18 (full 0):
 garbage-first heap   total 155648K, used 26480K [0x0000000082200000, 0x0000000100000000)
  region size 1024K, 7 young (7168K), 7 survivors (7168K)
 Metaspace       used 58740K, capacity 60060K, committed 60160K, reserved 1101824K
  class space    used 6893K, capacity 7374K, committed 7424K, reserved 1048576K
}
Event: 12.220 GC heap before
{Heap before GC invocations=19 (full 0):
 garbage-first heap   total 155648K, used 124784K [0x0000000082200000, 0x0000000100000000)
  region size 1024K, 91 young (93184K), 7 survivors (7168K)
 Metaspace       used 63175K, capacity 64945K, committed 65280K, reserved 1105920K
  class space    used 7476K, capacity 8104K, committed 8192K, reserved 1048576K
}
Event: 12.374 GC heap after
{Heap after GC invocations=20 (full 0):
 garbage-first heap   total 196608K, used 89723K [0x0000000082200000, 0x0000000100000000)
  region size 1024K, 12 young (12288K), 12 survivors (12288K)
 Metaspace       used 63175K, capacity 64945K, committed 65280K, reserved 1105920K
  class space    used 7476K, capacity 8104K, committed 8192K, reserved 1048576K
}
Event: 12.678 GC heap before
{Heap before GC invocations=21 (full 0):
 garbage-first heap   total 196608K, used 125563K [0x0000000082200000, 0x0000000100000000)
  region size 1024K, 47 young (48128K), 12 survivors (12288K)
 Metaspace       used 63257K, capacity 65009K, committed 65280K, reserved 1105920K
  class space    used 7482K, capacity 8104K, committed 8192K, reserved 1048576K
}
Event: 12.786 GC heap after
{Heap after GC invocations=22 (full 0):
 garbage-first heap   total 196608K, used 125952K [0x0000000082200000, 0x0000000100000000)
  region size 1024K, 6 young (6144K), 6 survivors (6144K)
 Metaspace       used 63257K, capacity 65009K, committed 65280K, reserved 1105920K
  class space    used 7482K, capacity 8104K, committed 8192K, reserved 1048576K
}
Event: 12.820 GC heap before
{Heap before GC invocations=22 (full 0):
 garbage-first heap   total 196608K, used 129024K [0x0000000082200000, 0x0000000100000000)
  region size 1024K, 9 young (9216K), 6 survivors (6144K)
 Metaspace       used 63379K, capacity 65145K, committed 65280K, reserved 1105920K
  class space    used 7489K, capacity 8105K, committed 8192K, reserved 1048576K
}
Event: 12.832 GC heap after
{Heap after GC invocations=23 (full 0):
 garbage-first heap   total 196608K, used 129536K [0x0000000082200000, 0x0000000100000000)
  region size 1024K, 2 young (2048K), 2 survivors (2048K)
 Metaspace       used 63379K, capacity 65145K, committed 65280K, reserved 1105920K
  class space    used 7489K, capacity 8105K, committed 8192K, reserved 1048576K
}
Event: 12.850 GC heap before
{Heap before GC invocations=23 (full 0):
 garbage-first heap   total 196608K, used 142848K [0x0000000082200000, 0x0000000100000000)
  region size 1024K, 15 young (15360K), 2 survivors (2048K)
 Metaspace       used 63380K, capacity 65145K, committed 65280K, reserved 1105920K
  class space    used 7489K, capacity 8105K, committed 8192K, reserved 1048576K
}
Event: 12.864 GC heap after
{Heap after GC invocations=24 (full 0):
 garbage-first heap   total 196608K, used 143360K [0x0000000082200000, 0x0000000100000000)
  region size 1024K, 2 young (2048K), 2 survivors (2048K)
 Metaspace       used 63380K, capacity 65145K, committed 65280K, reserved 1105920K
  class space    used 7489K, capacity 8105K, committed 8192K, reserved 1048576K
}
Event: 12.967 GC heap before
{Heap before GC invocations=24 (full 0):
 garbage-first heap   total 196608K, used 153600K [0x0000000082200000, 0x0000000100000000)
  region size 1024K, 12 young (12288K), 2 survivors (2048K)
 Metaspace       used 63381K, capacity 65145K, committed 65280K, reserved 1105920K
  class space    used 7489K, capacity 8105K, committed 8192K, reserved 1048576K
}

