# JRE version: Java(TM) SE Runtime Environment (11.0.6+8) (build 11.0.6+8-LTS)
# Java VM: Java HotSpot(TM) 64-Bit Server VM (11.0.6+8-LTS, mixed mode, tiered, compressed oops, g1 gc, windows-amd64)
Heap:
 garbage-first heap   total 168960K, used 123507K [0x0000000082200000, 0x0000000100000000)
  region size 1024K, 97 young (99328K), 12 survivors (12288K)
 Metaspace       used 63066K, capacity 64774K, committed 64972K, reserved 1105920K
  class space    used 7500K, capacity 8107K, committed 8192K, reserved 1048576K
GC Heap History (10 events):
Event: 9.788 GC heap after
{Heap after GC invocations=16 (full 0):
 garbage-first heap   total 155648K, used 23719K [0x0000000082200000, 0x0000000100000000)
  region size 1024K, 4 young (4096K), 4 survivors (4096K)
 Metaspace       used 43403K, capacity 43999K, committed 44032K, reserved 1087488K
  class space    used 5412K, capacity 5604K, committed 5632K, reserved 1048576K
}
Event: 10.483 GC heap before
{Heap before GC invocations=16 (full 0):
 garbage-first heap   total 155648K, used 112807K [0x0000000082200000, 0x0000000100000000)
  region size 1024K, 91 young (93184K), 4 survivors (4096K)
 Metaspace       used 43970K, capacity 44550K, committed 44928K, reserved 1089536K
  class space    used 5429K, capacity 5637K, committed 5760K, reserved 1048576K
}
Event: 10.489 GC heap after
{Heap after GC invocations=17 (full 0):
 garbage-first heap   total 155648K, used 24013K [0x0000000082200000, 0x0000000100000000)
  region size 1024K, 4 young (4096K), 4 survivors (4096K)
 Metaspace       used 43970K, capacity 44550K, committed 44928K, reserved 1089536K
  class space    used 5429K, capacity 5637K, committed 5760K, reserved 1048576K
}
Event: 11.220 GC heap before
{Heap before GC invocations=17 (full 0):
 garbage-first heap   total 155648K, used 113101K [0x0000000082200000, 0x0000000100000000)
  region size 1024K, 91 young (93184K), 4 survivors (4096K)
 Metaspace       used 46874K, capacity 47574K, committed 47744K, reserved 1091584K
  class space    used 5706K, capacity 5982K, committed 6016K, reserved 1048576K
}
Event: 11.225 GC heap after
{Heap after GC invocations=18 (full 0):
 garbage-first heap   total 155648K, used 24719K [0x0000000082200000, 0x0000000100000000)
  region size 1024K, 5 young (5120K), 5 survivors (5120K)
 Metaspace       used 46874K, capacity 47574K, committed 47744K, reserved 1091584K
  class space    used 5706K, capacity 5982K, committed 6016K, reserved 1048576K
}
Event: 12.042 GC heap before
{Heap before GC invocations=18 (full 0):
 garbage-first heap   total 155648K, used 112783K [0x0000000082200000, 0x0000000100000000)
  region size 1024K, 91 young (93184K), 5 survivors (5120K)
 Metaspace       used 55544K, capacity 56711K, committed 56960K, reserved 1099776K
  class space    used 6591K, capacity 7022K, committed 7040K, reserved 1048576K
}
Event: 12.047 GC heap after
{Heap after GC invocations=19 (full 0):
 garbage-first heap   total 155648K, used 25539K [0x0000000082200000, 0x0000000100000000)
  region size 1024K, 6 young (6144K), 6 survivors (6144K)
 Metaspace       used 55544K, capacity 56711K, committed 56960K, reserved 1099776K
  class space    used 6591K, capacity 7022K, committed 7040K, reserved 1048576K
}
Event: 12.346 GC heap before
{Heap before GC invocations=19 (full 0):
 garbage-first heap   total 155648K, used 62403K [0x0000000082200000, 0x0000000100000000)
  region size 1024K, 43 young (44032K), 6 survivors (6144K)
 Metaspace       used 58757K, capacity 60103K, committed 60160K, reserved 1101824K
  class space    used 6928K, capacity 7406K, committed 7424K, reserved 1048576K
}
Event: 12.356 GC heap after
{Heap after GC invocations=20 (full 0):
 garbage-first heap   total 155648K, used 26227K [0x0000000082200000, 0x0000000100000000)
  region size 1024K, 6 young (6144K), 6 survivors (6144K)
 Metaspace       used 58757K, capacity 60103K, committed 60160K, reserved 1101824K
  class space    used 6928K, capacity 7406K, committed 7424K, reserved 1048576K
}
Event: 13.722 GC heap before
{Heap before GC invocations=21 (full 0):
 garbage-first heap   total 155648K, used 123507K [0x0000000082200000, 0x0000000100000000)
  region size 1024K, 91 young (93184K), 6 survivors (6144K)
 Metaspace       used 63066K, capacity 64774K, committed 64972K, reserved 1105920K
  class space    used 7500K, capacity 8107K, committed 8192K, reserved 1048576K
}

