# JRE version: Java(TM) SE Runtime Environment (11.0.6+8) (build 11.0.6+8-LTS)
# Java VM: Java HotSpot(TM) 64-Bit Server VM (11.0.6+8-LTS, mixed mode, tiered, compressed oops, g1 gc, windows-amd64)
Heap:
 garbage-first heap   total 395264K, used 156160K [0x0000000082200000, 0x0000000100000000)
  region size 1024K, 2 young (2048K), 2 survivors (2048K)
 Metaspace       used 63301K, capacity 65030K, committed 65228K, reserved 1105920K
  class space    used 7496K, capacity 8105K, committed 8140K, reserved 1048576K
GC Heap History (10 events):
Event: 10.526 GC heap after
{Heap after GC invocations=19 (full 0):
 garbage-first heap   total 155648K, used 25677K [0x0000000082200000, 0x0000000100000000)
  region size 1024K, 6 young (6144K), 6 survivors (6144K)
 Metaspace       used 54889K, capacity 56079K, committed 56448K, reserved 1099776K
  class space    used 6506K, capacity 6918K, committed 7040K, reserved 1048576K
}
Event: 11.074 GC heap before
{Heap before GC invocations=19 (full 0):
 garbage-first heap   total 155648K, used 67661K [0x0000000082200000, 0x0000000100000000)
  region size 1024K, 48 young (49152K), 6 survivors (6144K)
 Metaspace       used 58740K, capacity 60104K, committed 60160K, reserved 1101824K
  class space    used 6907K, capacity 7406K, committed 7424K, reserved 1048576K
}
Event: 11.081 GC heap after
{Heap after GC invocations=20 (full 0):
 garbage-first heap   total 155648K, used 25858K [0x0000000082200000, 0x0000000100000000)
  region size 1024K, 6 young (6144K), 6 survivors (6144K)
 Metaspace       used 58740K, capacity 60104K, committed 60160K, reserved 1101824K
  class space    used 6907K, capacity 7406K, committed 7424K, reserved 1048576K
}
Event: 12.226 GC heap before
{Heap before GC invocations=21 (full 0):
 garbage-first heap   total 155648K, used 126210K [0x0000000082200000, 0x0000000100000000)
  region size 1024K, 91 young (93184K), 6 survivors (6144K)
 Metaspace       used 63105K, capacity 64830K, committed 64972K, reserved 1105920K
  class space    used 7483K, capacity 8104K, committed 8140K, reserved 1048576K
}
Event: 12.378 GC heap after
{Heap after GC invocations=22 (full 0):
 garbage-first heap   total 197632K, used 90378K [0x0000000082200000, 0x0000000100000000)
  region size 1024K, 12 young (12288K), 12 survivors (12288K)
 Metaspace       used 63105K, capacity 64830K, committed 64972K, reserved 1105920K
  class space    used 7483K, capacity 8104K, committed 8140K, reserved 1048576K
}
Event: 12.682 GC heap before
{Heap before GC invocations=23 (full 0):
 garbage-first heap   total 197632K, used 125194K [0x0000000082200000, 0x0000000100000000)
  region size 1024K, 46 young (47104K), 12 survivors (12288K)
 Metaspace       used 63177K, capacity 64958K, committed 65228K, reserved 1105920K
  class space    used 7488K, capacity 8104K, committed 8140K, reserved 1048576K
}
Event: 12.788 GC heap after
{Heap after GC invocations=24 (full 0):
 garbage-first heap   total 197632K, used 125440K [0x0000000082200000, 0x0000000100000000)
  region size 1024K, 6 young (6144K), 6 survivors (6144K)
 Metaspace       used 63177K, capacity 64958K, committed 65228K, reserved 1105920K
  class space    used 7488K, capacity 8104K, committed 8140K, reserved 1048576K
}
Event: 12.838 GC heap before
{Heap before GC invocations=24 (full 0):
 garbage-first heap   total 197632K, used 144896K [0x0000000082200000, 0x0000000100000000)
  region size 1024K, 25 young (25600K), 6 survivors (6144K)
 Metaspace       used 63300K, capacity 65030K, committed 65228K, reserved 1105920K
  class space    used 7496K, capacity 8105K, committed 8140K, reserved 1048576K
}
Event: 12.862 GC heap after
{Heap after GC invocations=25 (full 0):
 garbage-first heap   total 197632K, used 144896K [0x0000000082200000, 0x0000000100000000)
  region size 1024K, 4 young (4096K), 4 survivors (4096K)
 Metaspace       used 63300K, capacity 65030K, committed 65228K, reserved 1105920K
  class space    used 7496K, capacity 8105K, committed 8140K, reserved 1048576K
}
Event: 13.022 GC heap before
{Heap before GC invocations=25 (full 0):
 garbage-first heap   total 197632K, used 155136K [0x0000000082200000, 0x0000000100000000)
  region size 1024K, 14 young (14336K), 4 survivors (4096K)
 Metaspace       used 63301K, capacity 65030K, committed 65228K, reserved 1105920K
  class space    used 7496K, capacity 8105K, committed 8140K, reserved 1048576K
}

